e:\study\pp5\pp5\pp5\pp5\debug\vc140.pdb
e:\study\pp5\pp5\pp5\pp5\debug\vc140.idb
e:\study\pp5\pp5\pp5\pp5\debug\camera.obj
e:\study\pp5\pp5\pp5\pp5\debug\ddstextureloader.obj
e:\study\pp5\pp5\pp5\pp5\debug\drawlight.obj
e:\study\pp5\pp5\pp5\pp5\debug\joint.obj
e:\study\pp5\pp5\pp5\pp5\debug\main.obj
e:\study\pp5\pp5\pp5\pp5\debug\mesh.obj
e:\study\pp5\pp5\pp5\pp5\debug\my3dsence.obj
e:\study\pp5\pp5\pp5\pp5\debug\shader.obj
e:\study\pp5\pp5\pp5\pp5\debug\shape.obj
e:\study\pp5\pp5\pp5\pp5\debug\xtime.obj
e:\study\pp5\pp5\pp5\debug\pp5.ilk
e:\study\pp5\pp5\pp5\debug\pp5.exe
e:\study\pp5\pp5\pp5\debug\pp5.pdb
e:\study\pp5\pp5\pp5\debug\pp5.lib
e:\study\pp5\pp5\pp5\debug\pp5.exp
e:\study\pp5\pp5\pp5\pp5\trivial_ps.csh
e:\study\pp5\pp5\pp5\pp5\trivial_vs.csh
e:\study\pp5\pp5\pp5\debug\commonvertexshader.cso
e:\study\pp5\pp5\pp5\debug\lightshader.cso
e:\study\pp5\pp5\pp5\debug\trivial_ps.cso
e:\study\pp5\pp5\pp5\debug\trivial_vs.cso
e:\study\pp5\pp5\pp5\pp5\debug\pp5.vcxprojresolveassemblyreference.cache
e:\study\pp5\pp5\pp5\pp5\debug\pp5.tlog\cl.command.1.tlog
e:\study\pp5\pp5\pp5\pp5\debug\pp5.tlog\cl.read.1.tlog
e:\study\pp5\pp5\pp5\pp5\debug\pp5.tlog\cl.write.1.tlog
e:\study\pp5\pp5\pp5\pp5\debug\pp5.tlog\link.command.1.tlog
e:\study\pp5\pp5\pp5\pp5\debug\pp5.tlog\link.read.1.tlog
e:\study\pp5\pp5\pp5\pp5\debug\pp5.tlog\link.write.1.tlog
e:\study\pp5\pp5\pp5\pp5\debug\pp5.tlog\pp5.write.1u.tlog
