  compilation object save succeeded; see C:\Users\susud\Desktop\PP5\Milestone2\PP5\PP5\Debug\SkyBoxPixelShader.cso
C:\Users\susud\Desktop\PP5\Milestone2\PP5\PP5\PP5\SkyBoxVertexShader.hlsl(36,21-46): warning X3578: Output value 'main' is not completely initialized
  
  compilation object save succeeded; see C:\Users\susud\Desktop\PP5\Milestone2\PP5\PP5\Debug\SkyBoxVertexShader.cso
  XTime.cpp
  SkyBox.cpp
c:\users\susud\desktop\pp5\milestone2\pp5\pp5\fbxloader\fbxexportdata.h(18): warning C4251: 'FBXExportDATA::Outvertex': class 'std::vector<DirectX::XMFLOAT3,std::allocator<_Ty>>' needs to have dll-interface to be used by clients of class 'FBXExportDATA'
          with
          [
              _Ty=DirectX::XMFLOAT3
          ]
  c:\users\susud\desktop\pp5\milestone2\pp5\pp5\fbxloader\fbxexportdata.h(18): note: see declaration of 'std::vector<DirectX::XMFLOAT3,std::allocator<_Ty>>'
          with
          [
              _Ty=DirectX::XMFLOAT3
          ]
c:\users\susud\desktop\pp5\milestone2\pp5\pp5\fbxloader\fbxexportdata.h(19): warning C4251: 'FBXExportDATA::Outnormal': class 'std::vector<DirectX::XMFLOAT3,std::allocator<_Ty>>' needs to have dll-interface to be used by clients of class 'FBXExportDATA'
          with
          [
              _Ty=DirectX::XMFLOAT3
          ]
  c:\users\susud\desktop\pp5\milestone2\pp5\pp5\fbxloader\fbxexportdata.h(18): note: see declaration of 'std::vector<DirectX::XMFLOAT3,std::allocator<_Ty>>'
          with
          [
              _Ty=DirectX::XMFLOAT3
          ]
c:\users\susud\desktop\pp5\milestone2\pp5\pp5\fbxloader\fbxexportdata.h(20): warning C4251: 'FBXExportDATA::Outuv': class 'std::vector<DirectX::XMFLOAT3,std::allocator<_Ty>>' needs to have dll-interface to be used by clients of class 'FBXExportDATA'
          with
          [
              _Ty=DirectX::XMFLOAT3
          ]
  c:\users\susud\desktop\pp5\milestone2\pp5\pp5\fbxloader\fbxexportdata.h(18): note: see declaration of 'std::vector<DirectX::XMFLOAT3,std::allocator<_Ty>>'
          with
          [
              _Ty=DirectX::XMFLOAT3
          ]
c:\users\susud\desktop\pp5\milestone2\pp5\pp5\fbxloader\fbxexportdata.h(21): warning C4251: 'FBXExportDATA::Outtangent': class 'std::vector<DirectX::XMFLOAT4,std::allocator<_Ty>>' needs to have dll-interface to be used by clients of class 'FBXExportDATA'
          with
          [
              _Ty=DirectX::XMFLOAT4
          ]
  c:\users\susud\desktop\pp5\milestone2\pp5\pp5\fbxloader\fbxexportdata.h(21): note: see declaration of 'std::vector<DirectX::XMFLOAT4,std::allocator<_Ty>>'
          with
          [
              _Ty=DirectX::XMFLOAT4
          ]
c:\users\susud\desktop\pp5\milestone2\pp5\pp5\fbxloader\fbxexportdata.h(22): warning C4251: 'FBXExportDATA::OutJoint': class 'std::vector<DirectX::XMFLOAT4X4,std::allocator<_Ty>>' needs to have dll-interface to be used by clients of class 'FBXExportDATA'
          with
          [
              _Ty=DirectX::XMFLOAT4X4
          ]
  c:\users\susud\desktop\pp5\milestone2\pp5\pp5\fbxloader\fbxexportdata.h(22): note: see declaration of 'std::vector<DirectX::XMFLOAT4X4,std::allocator<_Ty>>'
          with
          [
              _Ty=DirectX::XMFLOAT4X4
          ]
c:\users\susud\desktop\pp5\milestone2\pp5\pp5\pp5\struct.h(28): warning C4091: '__declspec(dllexport)': ignored on left of 'FBXLoader' when no variable is declared
  Shape.cpp
c:\users\susud\desktop\pp5\milestone2\pp5\pp5\fbxloader\fbxexportdata.h(18): warning C4251: 'FBXExportDATA::Outvertex': class 'std::vector<DirectX::XMFLOAT3,std::allocator<_Ty>>' needs to have dll-interface to be used by clients of class 'FBXExportDATA'
          with
          [
              _Ty=DirectX::XMFLOAT3
          ]
  c:\users\susud\desktop\pp5\milestone2\pp5\pp5\fbxloader\fbxexportdata.h(18): note: see declaration of 'std::vector<DirectX::XMFLOAT3,std::allocator<_Ty>>'
          with
          [
              _Ty=DirectX::XMFLOAT3
          ]
c:\users\susud\desktop\pp5\milestone2\pp5\pp5\fbxloader\fbxexportdata.h(19): warning C4251: 'FBXExportDATA::Outnormal': class 'std::vector<DirectX::XMFLOAT3,std::allocator<_Ty>>' needs to have dll-interface to be used by clients of class 'FBXExportDATA'
          with
          [
              _Ty=DirectX::XMFLOAT3
          ]
  c:\users\susud\desktop\pp5\milestone2\pp5\pp5\fbxloader\fbxexportdata.h(18): note: see declaration of 'std::vector<DirectX::XMFLOAT3,std::allocator<_Ty>>'
          with
          [
              _Ty=DirectX::XMFLOAT3
          ]
c:\users\susud\desktop\pp5\milestone2\pp5\pp5\fbxloader\fbxexportdata.h(20): warning C4251: 'FBXExportDATA::Outuv': class 'std::vector<DirectX::XMFLOAT3,std::allocator<_Ty>>' needs to have dll-interface to be used by clients of class 'FBXExportDATA'
          with
          [
              _Ty=DirectX::XMFLOAT3
          ]
  c:\users\susud\desktop\pp5\milestone2\pp5\pp5\fbxloader\fbxexportdata.h(18): note: see declaration of 'std::vector<DirectX::XMFLOAT3,std::allocator<_Ty>>'
          with
          [
              _Ty=DirectX::XMFLOAT3
          ]
c:\users\susud\desktop\pp5\milestone2\pp5\pp5\fbxloader\fbxexportdata.h(21): warning C4251: 'FBXExportDATA::Outtangent': class 'std::vector<DirectX::XMFLOAT4,std::allocator<_Ty>>' needs to have dll-interface to be used by clients of class 'FBXExportDATA'
          with
          [
              _Ty=DirectX::XMFLOAT4
          ]
  c:\users\susud\desktop\pp5\milestone2\pp5\pp5\fbxloader\fbxexportdata.h(21): note: see declaration of 'std::vector<DirectX::XMFLOAT4,std::allocator<_Ty>>'
          with
          [
              _Ty=DirectX::XMFLOAT4
          ]
c:\users\susud\desktop\pp5\milestone2\pp5\pp5\fbxloader\fbxexportdata.h(22): warning C4251: 'FBXExportDATA::OutJoint': class 'std::vector<DirectX::XMFLOAT4X4,std::allocator<_Ty>>' needs to have dll-interface to be used by clients of class 'FBXExportDATA'
          with
          [
              _Ty=DirectX::XMFLOAT4X4
          ]
  c:\users\susud\desktop\pp5\milestone2\pp5\pp5\fbxloader\fbxexportdata.h(22): note: see declaration of 'std::vector<DirectX::XMFLOAT4X4,std::allocator<_Ty>>'
          with
          [
              _Ty=DirectX::XMFLOAT4X4
          ]
c:\users\susud\desktop\pp5\milestone2\pp5\pp5\pp5\struct.h(28): warning C4091: '__declspec(dllexport)': ignored on left of 'FBXLoader' when no variable is declared
  Shader.cpp
c:\users\susud\desktop\pp5\milestone2\pp5\pp5\fbxloader\fbxexportdata.h(18): warning C4251: 'FBXExportDATA::Outvertex': class 'std::vector<DirectX::XMFLOAT3,std::allocator<_Ty>>' needs to have dll-interface to be used by clients of class 'FBXExportDATA'
          with
          [
              _Ty=DirectX::XMFLOAT3
          ]
  c:\users\susud\desktop\pp5\milestone2\pp5\pp5\fbxloader\fbxexportdata.h(18): note: see declaration of 'std::vector<DirectX::XMFLOAT3,std::allocator<_Ty>>'
          with
          [
              _Ty=DirectX::XMFLOAT3
          ]
c:\users\susud\desktop\pp5\milestone2\pp5\pp5\fbxloader\fbxexportdata.h(19): warning C4251: 'FBXExportDATA::Outnormal': class 'std::vector<DirectX::XMFLOAT3,std::allocator<_Ty>>' needs to have dll-interface to be used by clients of class 'FBXExportDATA'
          with
          [
              _Ty=DirectX::XMFLOAT3
          ]
  c:\users\susud\desktop\pp5\milestone2\pp5\pp5\fbxloader\fbxexportdata.h(18): note: see declaration of 'std::vector<DirectX::XMFLOAT3,std::allocator<_Ty>>'
          with
          [
              _Ty=DirectX::XMFLOAT3
          ]
c:\users\susud\desktop\pp5\milestone2\pp5\pp5\fbxloader\fbxexportdata.h(20): warning C4251: 'FBXExportDATA::Outuv': class 'std::vector<DirectX::XMFLOAT3,std::allocator<_Ty>>' needs to have dll-interface to be used by clients of class 'FBXExportDATA'
          with
          [
              _Ty=DirectX::XMFLOAT3
          ]
  c:\users\susud\desktop\pp5\milestone2\pp5\pp5\fbxloader\fbxexportdata.h(18): note: see declaration of 'std::vector<DirectX::XMFLOAT3,std::allocator<_Ty>>'
          with
          [
              _Ty=DirectX::XMFLOAT3
          ]
c:\users\susud\desktop\pp5\milestone2\pp5\pp5\fbxloader\fbxexportdata.h(21): warning C4251: 'FBXExportDATA::Outtangent': class 'std::vector<DirectX::XMFLOAT4,std::allocator<_Ty>>' needs to have dll-interface to be used by clients of class 'FBXExportDATA'
          with
          [
              _Ty=DirectX::XMFLOAT4
          ]
  c:\users\susud\desktop\pp5\milestone2\pp5\pp5\fbxloader\fbxexportdata.h(21): note: see declaration of 'std::vector<DirectX::XMFLOAT4,std::allocator<_Ty>>'
          with
          [
              _Ty=DirectX::XMFLOAT4
          ]
c:\users\susud\desktop\pp5\milestone2\pp5\pp5\fbxloader\fbxexportdata.h(22): warning C4251: 'FBXExportDATA::OutJoint': class 'std::vector<DirectX::XMFLOAT4X4,std::allocator<_Ty>>' needs to have dll-interface to be used by clients of class 'FBXExportDATA'
          with
          [
              _Ty=DirectX::XMFLOAT4X4
          ]
  c:\users\susud\desktop\pp5\milestone2\pp5\pp5\fbxloader\fbxexportdata.h(22): note: see declaration of 'std::vector<DirectX::XMFLOAT4X4,std::allocator<_Ty>>'
          with
          [
              _Ty=DirectX::XMFLOAT4X4
          ]
c:\users\susud\desktop\pp5\milestone2\pp5\pp5\pp5\struct.h(28): warning C4091: '__declspec(dllexport)': ignored on left of 'FBXLoader' when no variable is declared
  My3DSence.cpp
c:\users\susud\desktop\pp5\milestone2\pp5\pp5\fbxloader\fbxexportdata.h(18): warning C4251: 'FBXExportDATA::Outvertex': class 'std::vector<DirectX::XMFLOAT3,std::allocator<_Ty>>' needs to have dll-interface to be used by clients of class 'FBXExportDATA'
          with
          [
              _Ty=DirectX::XMFLOAT3
          ]
  c:\users\susud\desktop\pp5\milestone2\pp5\pp5\fbxloader\fbxexportdata.h(18): note: see declaration of 'std::vector<DirectX::XMFLOAT3,std::allocator<_Ty>>'
          with
          [
              _Ty=DirectX::XMFLOAT3
          ]
c:\users\susud\desktop\pp5\milestone2\pp5\pp5\fbxloader\fbxexportdata.h(19): warning C4251: 'FBXExportDATA::Outnormal': class 'std::vector<DirectX::XMFLOAT3,std::allocator<_Ty>>' needs to have dll-interface to be used by clients of class 'FBXExportDATA'
          with
          [
              _Ty=DirectX::XMFLOAT3
          ]
  c:\users\susud\desktop\pp5\milestone2\pp5\pp5\fbxloader\fbxexportdata.h(18): note: see declaration of 'std::vector<DirectX::XMFLOAT3,std::allocator<_Ty>>'
          with
          [
              _Ty=DirectX::XMFLOAT3
          ]
c:\users\susud\desktop\pp5\milestone2\pp5\pp5\fbxloader\fbxexportdata.h(20): warning C4251: 'FBXExportDATA::Outuv': class 'std::vector<DirectX::XMFLOAT3,std::allocator<_Ty>>' needs to have dll-interface to be used by clients of class 'FBXExportDATA'
          with
          [
              _Ty=DirectX::XMFLOAT3
          ]
  c:\users\susud\desktop\pp5\milestone2\pp5\pp5\fbxloader\fbxexportdata.h(18): note: see declaration of 'std::vector<DirectX::XMFLOAT3,std::allocator<_Ty>>'
          with
          [
              _Ty=DirectX::XMFLOAT3
          ]
c:\users\susud\desktop\pp5\milestone2\pp5\pp5\fbxloader\fbxexportdata.h(21): warning C4251: 'FBXExportDATA::Outtangent': class 'std::vector<DirectX::XMFLOAT4,std::allocator<_Ty>>' needs to have dll-interface to be used by clients of class 'FBXExportDATA'
          with
          [
              _Ty=DirectX::XMFLOAT4
          ]
  c:\users\susud\desktop\pp5\milestone2\pp5\pp5\fbxloader\fbxexportdata.h(21): note: see declaration of 'std::vector<DirectX::XMFLOAT4,std::allocator<_Ty>>'
          with
          [
              _Ty=DirectX::XMFLOAT4
          ]
c:\users\susud\desktop\pp5\milestone2\pp5\pp5\fbxloader\fbxexportdata.h(22): warning C4251: 'FBXExportDATA::OutJoint': class 'std::vector<DirectX::XMFLOAT4X4,std::allocator<_Ty>>' needs to have dll-interface to be used by clients of class 'FBXExportDATA'
          with
          [
              _Ty=DirectX::XMFLOAT4X4
          ]
  c:\users\susud\desktop\pp5\milestone2\pp5\pp5\fbxloader\fbxexportdata.h(22): note: see declaration of 'std::vector<DirectX::XMFLOAT4X4,std::allocator<_Ty>>'
          with
          [
              _Ty=DirectX::XMFLOAT4X4
          ]
c:\users\susud\desktop\pp5\milestone2\pp5\pp5\pp5\struct.h(28): warning C4091: '__declspec(dllexport)': ignored on left of 'FBXLoader' when no variable is declared
c:\users\susud\desktop\pp5\milestone2\pp5\pp5\pp5\my3dsence.cpp(104): warning C4305: 'argument': truncation from 'double' to 'float'
c:\users\susud\desktop\pp5\milestone2\pp5\pp5\pp5\my3dsence.cpp(166): warning C4305: 'argument': truncation from 'double' to 'float'
  Mesh.cpp
c:\users\susud\desktop\pp5\milestone2\pp5\pp5\fbxloader\fbxexportdata.h(18): warning C4251: 'FBXExportDATA::Outvertex': class 'std::vector<DirectX::XMFLOAT3,std::allocator<_Ty>>' needs to have dll-interface to be used by clients of class 'FBXExportDATA'
          with
          [
              _Ty=DirectX::XMFLOAT3
          ]
  c:\users\susud\desktop\pp5\milestone2\pp5\pp5\fbxloader\fbxexportdata.h(18): note: see declaration of 'std::vector<DirectX::XMFLOAT3,std::allocator<_Ty>>'
          with
          [
              _Ty=DirectX::XMFLOAT3
          ]
c:\users\susud\desktop\pp5\milestone2\pp5\pp5\fbxloader\fbxexportdata.h(19): warning C4251: 'FBXExportDATA::Outnormal': class 'std::vector<DirectX::XMFLOAT3,std::allocator<_Ty>>' needs to have dll-interface to be used by clients of class 'FBXExportDATA'
          with
          [
              _Ty=DirectX::XMFLOAT3
          ]
  c:\users\susud\desktop\pp5\milestone2\pp5\pp5\fbxloader\fbxexportdata.h(18): note: see declaration of 'std::vector<DirectX::XMFLOAT3,std::allocator<_Ty>>'
          with
          [
              _Ty=DirectX::XMFLOAT3
          ]
c:\users\susud\desktop\pp5\milestone2\pp5\pp5\fbxloader\fbxexportdata.h(20): warning C4251: 'FBXExportDATA::Outuv': class 'std::vector<DirectX::XMFLOAT3,std::allocator<_Ty>>' needs to have dll-interface to be used by clients of class 'FBXExportDATA'
          with
          [
              _Ty=DirectX::XMFLOAT3
          ]
  c:\users\susud\desktop\pp5\milestone2\pp5\pp5\fbxloader\fbxexportdata.h(18): note: see declaration of 'std::vector<DirectX::XMFLOAT3,std::allocator<_Ty>>'
          with
          [
              _Ty=DirectX::XMFLOAT3
          ]
c:\users\susud\desktop\pp5\milestone2\pp5\pp5\fbxloader\fbxexportdata.h(21): warning C4251: 'FBXExportDATA::Outtangent': class 'std::vector<DirectX::XMFLOAT4,std::allocator<_Ty>>' needs to have dll-interface to be used by clients of class 'FBXExportDATA'
          with
          [
              _Ty=DirectX::XMFLOAT4
          ]
  c:\users\susud\desktop\pp5\milestone2\pp5\pp5\fbxloader\fbxexportdata.h(21): note: see declaration of 'std::vector<DirectX::XMFLOAT4,std::allocator<_Ty>>'
          with
          [
              _Ty=DirectX::XMFLOAT4
          ]
c:\users\susud\desktop\pp5\milestone2\pp5\pp5\fbxloader\fbxexportdata.h(22): warning C4251: 'FBXExportDATA::OutJoint': class 'std::vector<DirectX::XMFLOAT4X4,std::allocator<_Ty>>' needs to have dll-interface to be used by clients of class 'FBXExportDATA'
          with
          [
              _Ty=DirectX::XMFLOAT4X4
          ]
  c:\users\susud\desktop\pp5\milestone2\pp5\pp5\fbxloader\fbxexportdata.h(22): note: see declaration of 'std::vector<DirectX::XMFLOAT4X4,std::allocator<_Ty>>'
          with
          [
              _Ty=DirectX::XMFLOAT4X4
          ]
c:\users\susud\desktop\pp5\milestone2\pp5\pp5\pp5\struct.h(28): warning C4091: '__declspec(dllexport)': ignored on left of 'FBXLoader' when no variable is declared
c:\users\susud\desktop\pp5\milestone2\pp5\pp5\pp5\mesh.cpp(205): warning C4018: '<': signed/unsigned mismatch
  main.cpp
c:\users\susud\desktop\pp5\milestone2\pp5\pp5\fbxloader\fbxexportdata.h(18): warning C4251: 'FBXExportDATA::Outvertex': class 'std::vector<DirectX::XMFLOAT3,std::allocator<_Ty>>' needs to have dll-interface to be used by clients of class 'FBXExportDATA'
          with
          [
              _Ty=DirectX::XMFLOAT3
          ]
  c:\users\susud\desktop\pp5\milestone2\pp5\pp5\fbxloader\fbxexportdata.h(18): note: see declaration of 'std::vector<DirectX::XMFLOAT3,std::allocator<_Ty>>'
          with
          [
              _Ty=DirectX::XMFLOAT3
          ]
c:\users\susud\desktop\pp5\milestone2\pp5\pp5\fbxloader\fbxexportdata.h(19): warning C4251: 'FBXExportDATA::Outnormal': class 'std::vector<DirectX::XMFLOAT3,std::allocator<_Ty>>' needs to have dll-interface to be used by clients of class 'FBXExportDATA'
          with
          [
              _Ty=DirectX::XMFLOAT3
          ]
  c:\users\susud\desktop\pp5\milestone2\pp5\pp5\fbxloader\fbxexportdata.h(18): note: see declaration of 'std::vector<DirectX::XMFLOAT3,std::allocator<_Ty>>'
          with
          [
              _Ty=DirectX::XMFLOAT3
          ]
c:\users\susud\desktop\pp5\milestone2\pp5\pp5\fbxloader\fbxexportdata.h(20): warning C4251: 'FBXExportDATA::Outuv': class 'std::vector<DirectX::XMFLOAT3,std::allocator<_Ty>>' needs to have dll-interface to be used by clients of class 'FBXExportDATA'
          with
          [
              _Ty=DirectX::XMFLOAT3
          ]
  c:\users\susud\desktop\pp5\milestone2\pp5\pp5\fbxloader\fbxexportdata.h(18): note: see declaration of 'std::vector<DirectX::XMFLOAT3,std::allocator<_Ty>>'
          with
          [
              _Ty=DirectX::XMFLOAT3
          ]
c:\users\susud\desktop\pp5\milestone2\pp5\pp5\fbxloader\fbxexportdata.h(21): warning C4251: 'FBXExportDATA::Outtangent': class 'std::vector<DirectX::XMFLOAT4,std::allocator<_Ty>>' needs to have dll-interface to be used by clients of class 'FBXExportDATA'
          with
          [
              _Ty=DirectX::XMFLOAT4
          ]
  c:\users\susud\desktop\pp5\milestone2\pp5\pp5\fbxloader\fbxexportdata.h(21): note: see declaration of 'std::vector<DirectX::XMFLOAT4,std::allocator<_Ty>>'
          with
          [
              _Ty=DirectX::XMFLOAT4
          ]
c:\users\susud\desktop\pp5\milestone2\pp5\pp5\fbxloader\fbxexportdata.h(22): warning C4251: 'FBXExportDATA::OutJoint': class 'std::vector<DirectX::XMFLOAT4X4,std::allocator<_Ty>>' needs to have dll-interface to be used by clients of class 'FBXExportDATA'
          with
          [
              _Ty=DirectX::XMFLOAT4X4
          ]
  c:\users\susud\desktop\pp5\milestone2\pp5\pp5\fbxloader\fbxexportdata.h(22): note: see declaration of 'std::vector<DirectX::XMFLOAT4X4,std::allocator<_Ty>>'
          with
          [
              _Ty=DirectX::XMFLOAT4X4
          ]
c:\users\susud\desktop\pp5\milestone2\pp5\pp5\pp5\struct.h(28): warning C4091: '__declspec(dllexport)': ignored on left of 'FBXLoader' when no variable is declared
  Joint.cpp
c:\users\susud\desktop\pp5\milestone2\pp5\pp5\fbxloader\fbxexportdata.h(18): warning C4251: 'FBXExportDATA::Outvertex': class 'std::vector<DirectX::XMFLOAT3,std::allocator<_Ty>>' needs to have dll-interface to be used by clients of class 'FBXExportDATA'
          with
          [
              _Ty=DirectX::XMFLOAT3
          ]
  c:\users\susud\desktop\pp5\milestone2\pp5\pp5\fbxloader\fbxexportdata.h(18): note: see declaration of 'std::vector<DirectX::XMFLOAT3,std::allocator<_Ty>>'
          with
          [
              _Ty=DirectX::XMFLOAT3
          ]
c:\users\susud\desktop\pp5\milestone2\pp5\pp5\fbxloader\fbxexportdata.h(19): warning C4251: 'FBXExportDATA::Outnormal': class 'std::vector<DirectX::XMFLOAT3,std::allocator<_Ty>>' needs to have dll-interface to be used by clients of class 'FBXExportDATA'
          with
          [
              _Ty=DirectX::XMFLOAT3
          ]
  c:\users\susud\desktop\pp5\milestone2\pp5\pp5\fbxloader\fbxexportdata.h(18): note: see declaration of 'std::vector<DirectX::XMFLOAT3,std::allocator<_Ty>>'
          with
          [
              _Ty=DirectX::XMFLOAT3
          ]
c:\users\susud\desktop\pp5\milestone2\pp5\pp5\fbxloader\fbxexportdata.h(20): warning C4251: 'FBXExportDATA::Outuv': class 'std::vector<DirectX::XMFLOAT3,std::allocator<_Ty>>' needs to have dll-interface to be used by clients of class 'FBXExportDATA'
          with
          [
              _Ty=DirectX::XMFLOAT3
          ]
  c:\users\susud\desktop\pp5\milestone2\pp5\pp5\fbxloader\fbxexportdata.h(18): note: see declaration of 'std::vector<DirectX::XMFLOAT3,std::allocator<_Ty>>'
          with
          [
              _Ty=DirectX::XMFLOAT3
          ]
c:\users\susud\desktop\pp5\milestone2\pp5\pp5\fbxloader\fbxexportdata.h(21): warning C4251: 'FBXExportDATA::Outtangent': class 'std::vector<DirectX::XMFLOAT4,std::allocator<_Ty>>' needs to have dll-interface to be used by clients of class 'FBXExportDATA'
          with
          [
              _Ty=DirectX::XMFLOAT4
          ]
  c:\users\susud\desktop\pp5\milestone2\pp5\pp5\fbxloader\fbxexportdata.h(21): note: see declaration of 'std::vector<DirectX::XMFLOAT4,std::allocator<_Ty>>'
          with
          [
              _Ty=DirectX::XMFLOAT4
          ]
c:\users\susud\desktop\pp5\milestone2\pp5\pp5\fbxloader\fbxexportdata.h(22): warning C4251: 'FBXExportDATA::OutJoint': class 'std::vector<DirectX::XMFLOAT4X4,std::allocator<_Ty>>' needs to have dll-interface to be used by clients of class 'FBXExportDATA'
          with
          [
              _Ty=DirectX::XMFLOAT4X4
          ]
  c:\users\susud\desktop\pp5\milestone2\pp5\pp5\fbxloader\fbxexportdata.h(22): note: see declaration of 'std::vector<DirectX::XMFLOAT4X4,std::allocator<_Ty>>'
          with
          [
              _Ty=DirectX::XMFLOAT4X4
          ]
c:\users\susud\desktop\pp5\milestone2\pp5\pp5\pp5\struct.h(28): warning C4091: '__declspec(dllexport)': ignored on left of 'FBXLoader' when no variable is declared
c:\users\susud\desktop\pp5\milestone2\pp5\pp5\pp5\joint.cpp(107): warning C4018: '<': signed/unsigned mismatch
  DDSTextureLoader.cpp
  Camera.cpp
c:\users\susud\desktop\pp5\milestone2\pp5\pp5\fbxloader\fbxexportdata.h(18): warning C4251: 'FBXExportDATA::Outvertex': class 'std::vector<DirectX::XMFLOAT3,std::allocator<_Ty>>' needs to have dll-interface to be used by clients of class 'FBXExportDATA'
          with
          [
              _Ty=DirectX::XMFLOAT3
          ]
  c:\users\susud\desktop\pp5\milestone2\pp5\pp5\fbxloader\fbxexportdata.h(18): note: see declaration of 'std::vector<DirectX::XMFLOAT3,std::allocator<_Ty>>'
          with
          [
              _Ty=DirectX::XMFLOAT3
          ]
c:\users\susud\desktop\pp5\milestone2\pp5\pp5\fbxloader\fbxexportdata.h(19): warning C4251: 'FBXExportDATA::Outnormal': class 'std::vector<DirectX::XMFLOAT3,std::allocator<_Ty>>' needs to have dll-interface to be used by clients of class 'FBXExportDATA'
          with
          [
              _Ty=DirectX::XMFLOAT3
          ]
  c:\users\susud\desktop\pp5\milestone2\pp5\pp5\fbxloader\fbxexportdata.h(18): note: see declaration of 'std::vector<DirectX::XMFLOAT3,std::allocator<_Ty>>'
          with
          [
              _Ty=DirectX::XMFLOAT3
          ]
c:\users\susud\desktop\pp5\milestone2\pp5\pp5\fbxloader\fbxexportdata.h(20): warning C4251: 'FBXExportDATA::Outuv': class 'std::vector<DirectX::XMFLOAT3,std::allocator<_Ty>>' needs to have dll-interface to be used by clients of class 'FBXExportDATA'
          with
          [
              _Ty=DirectX::XMFLOAT3
          ]
  c:\users\susud\desktop\pp5\milestone2\pp5\pp5\fbxloader\fbxexportdata.h(18): note: see declaration of 'std::vector<DirectX::XMFLOAT3,std::allocator<_Ty>>'
          with
          [
              _Ty=DirectX::XMFLOAT3
          ]
c:\users\susud\desktop\pp5\milestone2\pp5\pp5\fbxloader\fbxexportdata.h(21): warning C4251: 'FBXExportDATA::Outtangent': class 'std::vector<DirectX::XMFLOAT4,std::allocator<_Ty>>' needs to have dll-interface to be used by clients of class 'FBXExportDATA'
          with
          [
              _Ty=DirectX::XMFLOAT4
          ]
  c:\users\susud\desktop\pp5\milestone2\pp5\pp5\fbxloader\fbxexportdata.h(21): note: see declaration of 'std::vector<DirectX::XMFLOAT4,std::allocator<_Ty>>'
          with
          [
              _Ty=DirectX::XMFLOAT4
          ]
c:\users\susud\desktop\pp5\milestone2\pp5\pp5\fbxloader\fbxexportdata.h(22): warning C4251: 'FBXExportDATA::OutJoint': class 'std::vector<DirectX::XMFLOAT4X4,std::allocator<_Ty>>' needs to have dll-interface to be used by clients of class 'FBXExportDATA'
          with
          [
              _Ty=DirectX::XMFLOAT4X4
          ]
  c:\users\susud\desktop\pp5\milestone2\pp5\pp5\fbxloader\fbxexportdata.h(22): note: see declaration of 'std::vector<DirectX::XMFLOAT4X4,std::allocator<_Ty>>'
          with
          [
              _Ty=DirectX::XMFLOAT4X4
          ]
c:\users\susud\desktop\pp5\milestone2\pp5\pp5\pp5\struct.h(28): warning C4091: '__declspec(dllexport)': ignored on left of 'FBXLoader' when no variable is declared
  Generating Code...
  LINK : C:\Users\susud\Desktop\PP5\Milestone2\PP5\PP5\Debug\PP5.exe not found or not built by the last incremental link; performing full link
     Creating library C:\Users\susud\Desktop\PP5\Milestone2\PP5\PP5\Debug\PP5.lib and object C:\Users\susud\Desktop\PP5\Milestone2\PP5\PP5\Debug\PP5.exp
  PP5.vcxproj -> C:\Users\susud\Desktop\PP5\Milestone2\PP5\PP5\Debug\PP5.exe
  PP5.vcxproj -> C:\Users\susud\Desktop\PP5\Milestone2\PP5\PP5\Debug\PP5.pdb (Full PDB)
