c:\users\susud\desktop\pp5\milestone2\pp5\pp5\fbxloader\debug\vc140.pdb
e:\study\pp5\pp5\pp5\fbxloader\debug\vc140.pdb
e:\study\pp5\pp5\pp5\fbxloader\debug\vc140.idb
e:\study\pp5\pp5\pp5\fbxloader\debug\fbxexportdata.obj
e:\study\pp5\pp5\pp5\fbxloader\debug\fbxloader.obj
e:\study\pp5\pp5\pp5\debug\fbxloader.lib
e:\study\pp5\pp5\pp5\debug\fbxloader.exp
c:\users\susud\desktop\pp5\milestone2\pp5\pp5\debug\fbxloader.ilk
c:\users\susud\desktop\pp5\milestone2\pp5\pp5\debug\fbxloader.dll
c:\users\susud\desktop\pp5\milestone2\pp5\pp5\debug\fbxloader.pdb
e:\study\pp5\pp5\pp5\debug\fbxloader.ilk
e:\study\pp5\pp5\pp5\debug\fbxloader.dll
e:\study\pp5\pp5\pp5\debug\fbxloader.pdb
e:\study\pp5\pp5\pp5\fbxloader\debug\fbxloader.tlog\cl.command.1.tlog
e:\study\pp5\pp5\pp5\fbxloader\debug\fbxloader.tlog\cl.read.1.tlog
e:\study\pp5\pp5\pp5\fbxloader\debug\fbxloader.tlog\cl.write.1.tlog
e:\study\pp5\pp5\pp5\fbxloader\debug\fbxloader.tlog\fbxloader.write.1u.tlog
e:\study\pp5\pp5\pp5\fbxloader\debug\fbxloader.tlog\link.command.1.tlog
e:\study\pp5\pp5\pp5\fbxloader\debug\fbxloader.tlog\link.read.1.tlog
e:\study\pp5\pp5\pp5\fbxloader\debug\fbxloader.tlog\link.write.1.tlog
