c:\users\susud\desktop\pp5\pp5\pp5\pp5\release\vc140.pdb
c:\users\susud\desktop\pp5\pp5\pp5\pp5\release\xtime.obj
c:\users\susud\desktop\pp5\pp5\pp5\pp5\release\shape.obj
c:\users\susud\desktop\pp5\pp5\pp5\pp5\release\shader.obj
c:\users\susud\desktop\pp5\pp5\pp5\pp5\release\my3dsence.obj
c:\users\susud\desktop\pp5\pp5\pp5\pp5\release\mesh.obj
c:\users\susud\desktop\pp5\pp5\pp5\pp5\release\main.obj
c:\users\susud\desktop\pp5\pp5\pp5\pp5\release\joint.obj
c:\users\susud\desktop\pp5\pp5\pp5\pp5\release\ddstextureloader.obj
c:\users\susud\desktop\pp5\pp5\pp5\pp5\release\camera.obj
c:\users\susud\desktop\pp5\pp5\pp5\release\commonvertexshader.cso
c:\users\susud\desktop\pp5\pp5\pp5\pp5\trivial_vs.csh
c:\users\susud\desktop\pp5\pp5\pp5\release\trivial_vs.cso
c:\users\susud\desktop\pp5\pp5\pp5\pp5\trivial_ps.csh
c:\users\susud\desktop\pp5\pp5\pp5\release\trivial_ps.cso
c:\users\susud\desktop\pp5\pp5\pp5\release\pp5.exe
c:\users\susud\desktop\pp5\pp5\pp5\release\pp5.ipdb
c:\users\susud\desktop\pp5\pp5\pp5\release\pp5.iobj
c:\users\susud\desktop\pp5\pp5\pp5\release\pp5.pdb
c:\users\susud\desktop\pp5\pp5\pp5\release\pp5.lib
c:\users\susud\desktop\pp5\pp5\pp5\release\pp5.exp
c:\users\susud\desktop\pp5\pp5\pp5\pp5\release\pp5.tlog\cl.command.1.tlog
c:\users\susud\desktop\pp5\pp5\pp5\pp5\release\pp5.tlog\cl.read.1.tlog
c:\users\susud\desktop\pp5\pp5\pp5\pp5\release\pp5.tlog\cl.write.1.tlog
c:\users\susud\desktop\pp5\pp5\pp5\pp5\release\pp5.tlog\fxc.command.1.tlog
c:\users\susud\desktop\pp5\pp5\pp5\pp5\release\pp5.tlog\fxc.read.1.tlog
c:\users\susud\desktop\pp5\pp5\pp5\pp5\release\pp5.tlog\fxc.write.1.tlog
c:\users\susud\desktop\pp5\pp5\pp5\pp5\release\pp5.tlog\link.command.1.tlog
c:\users\susud\desktop\pp5\pp5\pp5\pp5\release\pp5.tlog\link.read.1.tlog
c:\users\susud\desktop\pp5\pp5\pp5\pp5\release\pp5.tlog\link.write.1.tlog
c:\users\susud\desktop\pp5\pp5\pp5\pp5\release\pp5.tlog\pp5.write.1u.tlog
